\BOOKMARK [0][-]{chapter.1}{\376\377\000O\000v\000e\000r\000v\000i\000e\000w}{}% 1
\BOOKMARK [1][-]{section.1.1}{\376\377\000M\000o\000t\000i\000v\000a\000t\000i\000o\000n}{chapter.1}% 2
\BOOKMARK [1][-]{section.1.2}{\376\377\000B\000a\000c\000k\000u\000p\000\040\000S\000y\000s\000t\000e\000m\000\040\000O\000v\000e\000r\000v\000i\000e\000w}{chapter.1}% 3
\BOOKMARK [1][-]{section.1.3}{\376\377\000S\000o\000,\000\040\000h\000o\000w\000\040\000d\000o\000\040\000I\000\040\000s\000t\000a\000r\000t\000?}{chapter.1}% 4
\BOOKMARK [1][-]{section.1.4}{\376\377\000C\000o\000l\000l\000a\000b\000o\000r\000a\000t\000i\000o\000n}{chapter.1}% 5
\BOOKMARK [0][-]{chapter.2}{\376\377\000D\000a\000t\000a\000b\000a\000s\000e\000\040\000S\000t\000r\000u\000c\000t\000u\000r\000e}{}% 6
\BOOKMARK [1][-]{section.2.1}{\376\377\000F\000i\000l\000e\000s\000y\000s\000t\000e\000m}{chapter.2}% 7
\BOOKMARK [1][-]{section.2.2}{\376\377\000V\000o\000l\000u\000m\000e\000s}{chapter.2}% 8
\BOOKMARK [0][-]{chapter.3}{\376\377\000V\000o\000l\000u\000m\000e\000\040\000C\000o\000n\000t\000e\000n\000t}{}% 9
\BOOKMARK [0][-]{chapter.4}{\376\377\000F\000i\000l\000e\000s\000y\000s\000t\000e\000m\000\040\000c\000o\000n\000f\000i\000g\000\040\000f\000i\000l\000e\000s}{}% 10
\BOOKMARK [0][-]{chapter.5}{\376\377\000D\000e\000t\000a\000i\000l\000e\000d\000\040\000c\000o\000m\000m\000a\000n\000d\000\040\000u\000s\000a\000g\000e}{}% 11
\BOOKMARK [1][-]{section.5.1}{\376\377\000D\000a\000t\000a\000b\000a\000s\000e\000\040\000C\000r\000e\000a\000t\000i\000o\000n}{chapter.5}% 12
\BOOKMARK [1][-]{section.5.2}{\376\377\000C\000r\000e\000a\000t\000e\000\040\000r\000e\000p\000o\000r\000t\000s\000\040\000f\000o\000r\000\040\000b\000a\000c\000k\000u\000p\000\040\000s\000t\000a\000t\000u\000s}{chapter.5}% 13
\BOOKMARK [1][-]{section.5.3}{\376\377\000D\000a\000t\000a\000b\000a\000s\000e\000\040\000f\000i\000l\000e\000s\000\040\000u\000p\000d\000a\000t\000e}{chapter.5}% 14
\BOOKMARK [1][-]{section.5.4}{\376\377\000V\000o\000l\000u\000m\000e\000\040\000u\000p\000d\000a\000t\000e}{chapter.5}% 15
\BOOKMARK [1][-]{section.5.5}{\376\377\000V\000o\000l\000u\000m\000e\000\040\000c\000l\000e\000n\000s\000i\000n\000g}{chapter.5}% 16
\BOOKMARK [1][-]{section.5.6}{\376\377\000V\000o\000l\000u\000m\000e\000\040\000p\000r\000o\000c\000e\000s\000s\000i\000n\000g}{chapter.5}% 17
\BOOKMARK [1][-]{section.5.7}{\376\377\000I\000n\000f\000o\000r\000m\000a\000t\000i\000o\000n\000\040\000r\000e\000c\000o\000v\000e\000r\000y\000\040\000f\000r\000o\000m\000\040\000v\000o\000l\000u\000m\000e\000s}{chapter.5}% 18
\BOOKMARK [1][-]{section.5.8}{\376\377\000R\000e\000c\000a\000l\000c\000u\000l\000a\000t\000i\000o\000n\000\040\000o\000f\000\040\000V\000o\000l\000u\000m\000e\000\040\000I\000n\000f\000o\000r\000m\000a\000t\000i\000o\000n}{chapter.5}% 19
\BOOKMARK [1][-]{section.5.9}{\376\377\000V\000o\000l\000u\000m\000e\000\040\000I\000n\000t\000e\000g\000r\000i\000t\000y\000\040\000C\000h\000e\000c\000k}{chapter.5}% 20
\BOOKMARK [0][-]{chapter.6}{\376\377\000O\000b\000s\000e\000r\000v\000a\000t\000i\000o\000n\000s}{}% 21
\BOOKMARK [1][-]{section.6.1}{\376\377\000V\000o\000l\000u\000m\000e\000\040\000i\000d\000e\000n\000t\000i\000f\000i\000c\000a\000t\000i\000o\000n}{chapter.6}% 22
\BOOKMARK [1][-]{section.6.2}{\376\377\000V\000o\000l\000u\000m\000e\000\040\000c\000o\000n\000t\000e\000n\000t}{chapter.6}% 23
\BOOKMARK [0][-]{chapter.7}{\376\377\000P\000l\000e\000a\000s\000e\000,\000\040\000b\000e\000\040\000a\000w\000a\000r\000e\000!}{}% 24
\BOOKMARK [1][-]{section.7.1}{\376\377\000R\000e\000g\000a\000r\000d\000i\000n\000g\000\040\000t\000e\000s\000t\000s}{chapter.7}% 25
\BOOKMARK [1][-]{section.7.2}{\376\377\000I\000n\000f\000o\000r\000m\000a\000t\000i\000o\000n\000\040\000s\000a\000f\000e\000t\000y}{chapter.7}% 26
\BOOKMARK [1][-]{section.7.3}{\376\377\000L\000i\000c\000e\000n\000s\000e}{chapter.7}% 27
\BOOKMARK [0][-]{chapter.8}{\376\377\000T\000O\000D\000O}{}% 28
\BOOKMARK [0][-]{chapter.9}{\376\377\000R\000e\000l\000e\000a\000s\000e\000\040\000H\000i\000s\000t\000o\000r\000y}{}% 29
\BOOKMARK [1][-]{section.9.1}{\376\377\0000\000.\0001\000.\0002\000\040\000\050\0002\0000\0001\0007\000-\0001\0001\000-\0000\0009\000\051}{chapter.9}% 30
\BOOKMARK [1][-]{section.9.2}{\376\377\0000\000.\0001\000.\0001\000\040\000\050\0002\0000\0001\0007\000-\0001\0001\000-\0000\0005\000\051}{chapter.9}% 31
\BOOKMARK [0][-]{chapter.10}{\376\377\000C\000o\000d\000e\000\040\000d\000o\000c\000u\000m\000e\000n\000t\000a\000t\000i\000o\000n}{}% 32
\BOOKMARK [1][-]{section.10.1}{\376\377\000M\000a\000i\000n\000\040\000C\000o\000m\000m\000a\000n\000d\000s\000\040\000M\000o\000d\000u\000l\000e}{chapter.10}% 33
\BOOKMARK [1][-]{section.10.2}{\376\377\000A\000u\000x\000i\000l\000i\000a\000r\000y\000\040\000M\000o\000d\000u\000l\000e\000s}{chapter.10}% 34
\BOOKMARK [1][-]{section.10.3}{\376\377\000C\000l\000a\000s\000s\000\040\000H\000a\000s\000h\000V\000o\000l\000u\000m\000e}{chapter.10}% 35
\BOOKMARK [1][-]{section.10.4}{\376\377\000C\000l\000a\000s\000s\000\040\000F\000i\000l\000e\000D\000B}{chapter.10}% 36
\BOOKMARK [1][-]{section.10.5}{\376\377\000C\000l\000a\000s\000s\000\040\000M\000o\000u\000n\000t\000P\000a\000t\000h\000I\000n\000D\000r\000i\000v\000e}{chapter.10}% 37
\BOOKMARK [0][-]{chapter.11}{\376\377\000I\000n\000d\000i\000c\000e\000s\000\040\000a\000n\000d\000\040\000t\000a\000b\000l\000e\000s}{}% 38
\BOOKMARK [0][-]{section*.43}{\376\377\000P\000y\000t\000h\000o\000n\000\040\000M\000o\000d\000u\000l\000e\000\040\000I\000n\000d\000e\000x}{}% 39
